<?xml version="1.0" encoding="UTF-8"?>
<!-- Generated by org.testng.reporters.JUnitReportReporter -->
<testsuite hostname="DESKTOP-NI0ECQP" name="NewTest" tests="1" failures="0" timestamp="19 Jun 2017 14:57:03 GMT" time="0.000" errors="0">
  <testcase name="f" time="0.000" classname="NewTest"/>
</testsuite> <!-- NewTest -->
