<?xml version="1.0" encoding="UTF-8"?>
<!-- Generated by org.testng.reporters.JUnitReportReporter -->
<testsuite hostname="DESKTOP-NI0ECQP" name="FirstTest" tests="1" failures="0" timestamp="19 Jun 2017 14:57:03 GMT" time="10.277" errors="0">
  <testcase name="exampleOfTestNgMaven" time="10.277" classname="FirstTest"/>
</testsuite> <!-- FirstTest -->
