<?xml version="1.0" encoding="UTF-8"?>
<!-- Generated by org.testng.reporters.JUnitReportReporter -->
<testsuite hostname="DESKTOP-NI0ECQP" name="NewTest" tests="1" failures="0" timestamp="17 Jun 2017 18:13:56 GMT" time="0.006" errors="0">
  <testcase name="f" time="0.006" classname="NewTest"/>
</testsuite> <!-- NewTest -->
