<?xml version="1.0" encoding="UTF-8"?>
<!-- Generated by org.testng.reporters.JUnitReportReporter -->
<testsuite hostname="DESKTOP-NI0ECQP" name="test.java.LoginTest" tests="1" failures="0" timestamp="19 Jun 2017 14:44:41 GMT" time="12.090" errors="0">
  <testcase name="login" time="12.090" classname="test.java.LoginTest"/>
</testsuite> <!-- test.java.LoginTest -->
