<?xml version="1.0" encoding="UTF-8"?>
<!-- Generated by org.testng.reporters.JUnitReportReporter -->
<testsuite hostname="DESKTOP-NI0ECQP" name="test.java.LoginTest" tests="1" failures="0" timestamp="13 Aug 2017 09:14:41 GMT" time="15.633" errors="0">
  <testcase name="login" time="15.633" classname="test.java.LoginTest"/>
</testsuite> <!-- test.java.LoginTest -->
